# JRE version: Java(TM) SE Runtime Environment (8.0_20-b26) (build 1.8.0_20-b26)
# Java VM: Java HotSpot(TM) 64-Bit Server VM (25.20-b23 mixed mode linux-amd64 compressed oops)
Heap:
 PSYoungGen      total 68608K, used 5088K [0x00000000d6f00000, 0x00000000db700000, 0x0000000100000000)
  eden space 63488K, 0% used [0x00000000d6f00000,0x00000000d6f00000,0x00000000dad00000)
  from space 5120K, 99% used [0x00000000db200000,0x00000000db6f80b0,0x00000000db700000)
  to   space 5120K, 0% used [0x00000000dad00000,0x00000000dad00000,0x00000000db200000)
 ParOldGen       total 84992K, used 54705K [0x0000000084c00000, 0x0000000089f00000, 0x00000000d6f00000)
  object space 84992K, 64% used [0x0000000084c00000,0x000000008816c538,0x0000000089f00000)
 Metaspace       used 12583K, capacity 12808K, committed 13056K, reserved 1060864K
  class space    used 1350K, capacity 1441K, committed 1536K, reserved 1048576K
GC Heap History (5 events):
Event: 0,767 GC heap before
{Heap before GC invocations=1 (full 0):
 PSYoungGen      total 36864K, used 31744K [0x00000000d6f00000, 0x00000000d9800000, 0x0000000100000000)
  eden space 31744K, 100% used [0x00000000d6f00000,0x00000000d8e00000,0x00000000d8e00000)
  from space 5120K, 0% used [0x00000000d9300000,0x00000000d9300000,0x00000000d9800000)
  to   space 5120K, 0% used [0x00000000d8e00000,0x00000000d8e00000,0x00000000d9300000)
 ParOldGen       total 84992K, used 0K [0x0000000084c00000, 0x0000000089f00000, 0x00000000d6f00000)
  object space 84992K, 0% used [0x0000000084c00000,0x0000000084c00000,0x0000000089f00000)
 Metaspace       used 12103K, capacity 12360K, committed 12416K, reserved 1060864K
  class space    used 1288K, capacity 1377K, committed 1408K, reserved 1048576K
Event: 0,779 GC heap after
Heap after GC invocations=1 (full 0):
 PSYoungGen      total 36864K, used 2972K [0x00000000d6f00000, 0x00000000db700000, 0x0000000100000000)
  eden space 31744K, 0% used [0x00000000d6f00000,0x00000000d6f00000,0x00000000d8e00000)
  from space 5120K, 58% used [0x00000000d8e00000,0x00000000d90e70f0,0x00000000d9300000)
  to   space 5120K, 0% used [0x00000000db200000,0x00000000db200000,0x00000000db700000)
 ParOldGen       total 84992K, used 27473K [0x0000000084c00000, 0x0000000089f00000, 0x00000000d6f00000)
  object space 84992K, 32% used [0x0000000084c00000,0x00000000866d4778,0x0000000089f00000)
 Metaspace       used 12103K, capacity 12360K, committed 12416K, reserved 1060864K
  class space    used 1288K, capacity 1377K, committed 1408K, reserved 1048576K
}
Event: 1,000 GC heap before
{Heap before GC invocations=2 (full 0):
 PSYoungGen      total 36864K, used 34716K [0x00000000d6f00000, 0x00000000db700000, 0x0000000100000000)
  eden space 31744K, 100% used [0x00000000d6f00000,0x00000000d8e00000,0x00000000d8e00000)
  from space 5120K, 58% used [0x00000000d8e00000,0x00000000d90e70f0,0x00000000d9300000)
  to   space 5120K, 0% used [0x00000000db200000,0x00000000db200000,0x00000000db700000)
 ParOldGen       total 84992K, used 44348K [0x0000000084c00000, 0x0000000089f00000, 0x00000000d6f00000)
  object space 84992K, 52% used [0x0000000084c00000,0x000000008774f388,0x0000000089f00000)
 Metaspace       used 12583K, capacity 12808K, committed 13056K, reserved 1060864K
  class space    used 1350K, capacity 1441K, committed 1536K, reserved 1048576K
Event: 1,010 GC heap after
Heap after GC invocations=2 (full 0):
 PSYoungGen      total 68608K, used 5088K [0x00000000d6f00000, 0x00000000db700000, 0x0000000100000000)
  eden space 63488K, 0% used [0x00000000d6f00000,0x00000000d6f00000,0x00000000dad00000)
  from space 5120K, 99% used [0x00000000db200000,0x00000000db6f80b0,0x00000000db700000)
  to   space 5120K, 0% used [0x00000000dad00000,0x00000000dad00000,0x00000000db200000)
 ParOldGen       total 84992K, used 54705K [0x0000000084c00000, 0x0000000089f00000, 0x00000000d6f00000)
  object space 84992K, 64% used [0x0000000084c00000,0x000000008816c538,0x0000000089f00000)
 Metaspace       used 12583K, capacity 12808K, committed 13056K, reserved 1060864K
  class space    used 1350K, capacity 1441K, committed 1536K, reserved 1048576K
}
Event: 1,010 GC heap before
{Heap before GC invocations=3 (full 1):
 PSYoungGen      total 68608K, used 5088K [0x00000000d6f00000, 0x00000000db700000, 0x0000000100000000)
  eden space 63488K, 0% used [0x00000000d6f00000,0x00000000d6f00000,0x00000000dad00000)
  from space 5120K, 99% used [0x00000000db200000,0x00000000db6f80b0,0x00000000db700000)
  to   space 5120K, 0% used [0x00000000dad00000,0x00000000dad00000,0x00000000db200000)
 ParOldGen       total 84992K, used 54705K [0x0000000084c00000, 0x0000000089f00000, 0x00000000d6f00000)
  object space 84992K, 64% used [0x0000000084c00000,0x000000008816c538,0x0000000089f00000)
 Metaspace       used 12583K, capacity 12808K, committed 13056K, reserved 1060864K
  class space    used 1350K, capacity 1441K, committed 1536K, reserved 1048576K

